Log file open, 10/11/17 19:32:30
LogInit:Display: Running engine for game: UE_fisherman
LogPlatformFile: Not using cached read wrapper
LogInit:Display: RandInit(77447480) SRandInit(77447480).
LogTaskGraph: Started task graph with 5 named threads and 8 total threads with 1 sets of task threads.
LogStats: Stats thread started at 0.077329
LogInit: Using libcurl 7.47.1
LogInit:  - built for x86_64-pc-win32
LogInit:  - supports SSL with OpenSSL/1.0.2g
LogInit:  - supports HTTP deflate (compression) using libz 1.2.8
LogInit:  - other features:
LogInit:      CURL_VERSION_SSL
LogInit:      CURL_VERSION_LIBZ
LogInit:      CURL_VERSION_IPV6
LogInit:      CURL_VERSION_ASYNCHDNS
LogInit:      CURL_VERSION_LARGEFILE
LogInit:      CURL_VERSION_IDN
LogInit:  CurlRequestOptions (configurable via config and command line):
LogInit:  - bVerifyPeer = false  - Libcurl will NOT verify peer certificate
LogInit:  - bUseHttpProxy = false  - Libcurl will NOT use HTTP proxy
LogInit:  - bDontReuseConnections = false  - Libcurl will reuse connections
LogInit:  - CertBundlePath = nullptr  - Libcurl will use whatever was configured at build time.
LogInit: Build: ++UE4+Release-4.16-CL-3561208
LogInit: Engine Version: 4.16.3-3561208+++UE4+Release-4.16
LogInit: Compatible Engine Version: 4.16.0-3452394+++UE4+Release-4.16
LogInit: Net CL: 3452394
LogDevObjectVersion: Number of dev versions registered: 16
LogDevObjectVersion:   Dev-Blueprints (B0D832E4-1F89-4F0D-ACCF-7EB736FD4AA2): 9
LogDevObjectVersion:   Dev-Build (E1C64328-A22C-4D53-A36C-8E866417BD8C): 0
LogDevObjectVersion:   Dev-Core (375EC13C-06E4-48FB-B500-84F0262A717E): 2
LogDevObjectVersion:   Dev-Editor (E4B068ED-F494-42E9-A231-DA0B2E46BB41): 17
LogDevObjectVersion:   Dev-Framework (CFFC743F-43B0-4480-9391-14DF171D2073): 23
LogDevObjectVersion:   Dev-Mobile (B02B49B5-BB20-44E9-A304-32B752E40360): 0
LogDevObjectVersion:   Dev-Networking (A4E4105C-59A1-49B5-A7C5-40C4547EDFEE): 0
LogDevObjectVersion:   Dev-Online (39C831C9-5AE6-47DC-9A44-9C173E1C8E7C): 0
LogDevObjectVersion:   Dev-Physics (78F01B33-EBEA-4F98-B9B4-84EACCB95AA2): 0
LogDevObjectVersion:   Dev-Platform (6631380F-2D4D-43E0-8009-CF276956A95A): 0
LogDevObjectVersion:   Dev-Rendering (12F88B9F-8875-4AFC-A67C-D90C383ABD29): 15
LogDevObjectVersion:   Dev-Sequencer (7B5AE74C-D270-4C10-A958-57980B212A5A): 4
LogDevObjectVersion:   Dev-VR (D7296918-1DD6-4BDD-9DE2-64A83CC13884): 0
LogDevObjectVersion:   Dev-LoadTimes (C2A15278-BFE7-4AFE-6C17-90FF531DF755): 1
LogDevObjectVersion:   Private-Geometry (6EACA3D4-40EC-4CC1-B786-8BED09428FC5): 1
LogDevObjectVersion:   Dev-AnimPhys (29E575DD-E0A3-4627-9D10-D276232CDCEA): 3
LogInit: Compiled (64-bit): Jul 28 2017 11:49:47
LogInit: Compiled with Visual C++: 19.00.24215.01
LogInit: Build Configuration: Development
LogInit: Branch Name: ++UE4+Release-4.16
LogInit: Command line:  
LogInit: Base directory: D:/Epic Games/UE_4.16/Engine/Binaries/Win64/
LogInit: Installed Engine Build: 1
LogInit: Presizing for max 8388607 objects, including 0 objects not considered by GC, pre-allocating 0 bytes for permanent pool.
LogInit: Object subsystem initialized
[2017.10.11-22.32.31:133][  0]LogInit: Selected Device Profile: [Windows]
[2017.10.11-22.32.31:133][  0]LogInit: Applying CVar settings loaded from the selected device profile: [Windows]
[2017.10.11-22.32.31:138][  0]LogInit: Computer: ROPEMAN
[2017.10.11-22.32.31:138][  0]LogInit: User: Sebastian
[2017.10.11-22.32.31:138][  0]LogInit: CPU Page size=4096, Cores=4
[2017.10.11-22.32.31:138][  0]LogInit: High frequency timer resolution =3.914063 MHz
[2017.10.11-22.32.31:139][  0]LogMemory: Memory total: Physical=31.9GB (32GB approx)
[2017.10.11-22.32.31:139][  0]LogMemory: Platform Memory Stats for Windows
[2017.10.11-22.32.31:139][  0]LogMemory: Process Physical Memory: 274.10 MB used, 274.10 MB peak
[2017.10.11-22.32.31:139][  0]LogMemory: Process Virtual Memory: 260.88 MB used, 260.88 MB peak
[2017.10.11-22.32.31:139][  0]LogMemory: Physical Memory: 7876.87 MB used,  24804.66 MB free, 32681.52 MB total
[2017.10.11-22.32.31:139][  0]LogMemory: Virtual Memory: 638.61 MB used,  24804.66 MB free, 134217728.00 MB total
[2017.10.11-22.32.31:185][  0]LogInit: Overriding language with editor language configuration option (en).
[2017.10.11-22.32.31:185][  0]LogInit: Overriding locale with editor locale configuration option (en).
[2017.10.11-22.32.31:886][  0]LogD3D11RHI: D3D11 adapters:
[2017.10.11-22.32.32:370][  0]LogD3D11RHI:    0. 'NVIDIA GeForce GTX 760' (Feature Level 11_0)
[2017.10.11-22.32.32:370][  0]LogD3D11RHI:       2017/0/16340 MB DedicatedVideo/DedicatedSystem/SharedSystem, Outputs:2, VendorId:0x10de
[2017.10.11-22.32.32:371][  0]LogD3D11RHI:    1. 'Microsoft Basic Render Driver' (Feature Level 11_0)
[2017.10.11-22.32.32:371][  0]LogD3D11RHI:       0/0/16340 MB DedicatedVideo/DedicatedSystem/SharedSystem, Outputs:0, VendorId:0x1414
[2017.10.11-22.32.32:371][  0]LogD3D11RHI: Chosen D3D11 Adapter: 0
[2017.10.11-22.32.32:376][  0]LogD3D11RHI: Creating new Direct3DDevice
[2017.10.11-22.32.32:376][  0]LogD3D11RHI:     GPU DeviceId: 0x1187 (for the marketing name, search the web for "GPU Device Id")
[2017.10.11-22.32.32:376][  0]LogWindows: EnumDisplayDevices:
[2017.10.11-22.32.32:376][  0]LogWindows:    0. 'NVIDIA GeForce GTX 760' (P:1 D:1)
[2017.10.11-22.32.32:376][  0]LogWindows:    1. 'NVIDIA GeForce GTX 760' (P:0 D:1)
[2017.10.11-22.32.32:377][  0]LogWindows:    2. 'NVIDIA GeForce GTX 760' (P:0 D:0)
[2017.10.11-22.32.32:377][  0]LogWindows:    3. 'NVIDIA GeForce GTX 760' (P:0 D:0)
[2017.10.11-22.32.32:377][  0]LogWindows: DebugString: FoundDriverCount:4 
[2017.10.11-22.32.32:377][  0]LogD3D11RHI:     Adapter Name: NVIDIA GeForce GTX 760
[2017.10.11-22.32.32:377][  0]LogD3D11RHI:   Driver Version: 382.05 (internal:22.21.13.8205, unified:382.05)
[2017.10.11-22.32.32:377][  0]LogD3D11RHI:      Driver Date: 5-1-2017
[2017.10.11-22.32.32:377][  0]LogRHI: Texture pool is 1361 MB (70% of 1945 MB)
[2017.10.11-22.32.32:855][  0]LogD3D11RHI: Async texture creation enabled
[2017.10.11-22.32.32:883][  0]LogD3D11RHI: GPU Timing Frequency: 1000.000000 (Debug: 2 2)
[2017.10.11-22.32.32:936][  0]LogShaderCompilers: Guid format shader working directory is 2 characters bigger than the processId version (../../../../../Workspace/fisherman/UE_fisherman/Intermediate/Shaders/WorkingDirectory/11684/).
[2017.10.11-22.32.32:936][  0]LogShaderCompilers: Cleaned the shader compiler working directory 'C:/Users/Sebastian/AppData/Local/Temp/UnrealShaderWorkingDir/AB8B705E4881BC50C05FCAAC9EAA2E5F/'.
[2017.10.11-22.32.32:936][  0]LogShaderCompilers:Display: Using Local Shader Compiler.
[2017.10.11-22.32.33:709][  0]LogTemp:Display: Loaded TP AllDesktopTargetPlatform
[2017.10.11-22.32.33:739][  0]LogTemp:Display: Loaded TP MacClientTargetPlatform
[2017.10.11-22.32.33:768][  0]LogTemp:Display: Loaded TP MacNoEditorTargetPlatform
[2017.10.11-22.32.33:797][  0]LogTemp:Display: Loaded TP MacServerTargetPlatform
[2017.10.11-22.32.33:828][  0]LogTemp:Display: Loaded TP MacTargetPlatform
[2017.10.11-22.32.33:858][  0]LogTemp:Display: Loaded TP WindowsClientTargetPlatform
[2017.10.11-22.32.33:886][  0]LogTemp:Display: Loaded TP WindowsNoEditorTargetPlatform
[2017.10.11-22.32.33:914][  0]LogTemp:Display: Loaded TP WindowsServerTargetPlatform
[2017.10.11-22.32.33:940][  0]LogTemp:Display: Loaded TP WindowsTargetPlatform
[2017.10.11-22.32.33:969][  0]LogTemp:Display: Loaded TP AndroidTargetPlatform
[2017.10.11-22.32.33:996][  0]LogTemp:Display: Loaded TP Android_ASTCTargetPlatform
[2017.10.11-22.32.34:025][  0]LogTemp:Display: Loaded TP Android_ATCTargetPlatform
[2017.10.11-22.32.34:053][  0]LogTemp:Display: Loaded TP Android_DXTTargetPlatform
[2017.10.11-22.32.34:081][  0]LogTemp:Display: Loaded TP Android_ETC1TargetPlatform
[2017.10.11-22.32.34:109][  0]LogTemp:Display: Loaded TP Android_ETC2TargetPlatform
[2017.10.11-22.32.34:167][  0]LogTemp:Display: Loaded TP Android_MultiTargetPlatform
[2017.10.11-22.32.34:167][  0]LogTemp:Display: Loaded TP Android_PVRTCTargetPlatform
[2017.10.11-22.32.34:189][  0]LogTemp:Display: Loaded TP HTML5TargetPlatform
[2017.10.11-22.32.34:250][  0]LogTemp:Display: Loaded TP IOSTargetPlatform
[2017.10.11-22.32.34:269][  0]LogTemp:Display: Loaded TP TVOSTargetPlatform
[2017.10.11-22.32.34:296][  0]LogTemp:Display: Loaded TP LinuxClientTargetPlatform
[2017.10.11-22.32.34:324][  0]LogTemp:Display: Loaded TP LinuxNoEditorTargetPlatform
[2017.10.11-22.32.34:351][  0]LogTemp:Display: Loaded TP LinuxServerTargetPlatform
[2017.10.11-22.32.34:379][  0]LogTemp:Display: Loaded TP LinuxTargetPlatform
[2017.10.11-22.32.34:379][  0]LogTargetPlatformManager:Display: Building Assets For Windows
[2017.10.11-22.32.34:645][  0]LogDerivedDataCache:Display: Max Cache Size: 512 MB
[2017.10.11-22.32.34:723][  0]LogDerivedDataCache: Loaded boot cache 0.08s 90MB C:/Users/Sebastian/AppData/Local/UnrealEngine/4.16/DerivedDataCache/Boot.ddc.
[2017.10.11-22.32.34:723][  0]LogDerivedDataCache:Display: Loaded Boot cache: C:/Users/Sebastian/AppData/Local/UnrealEngine/4.16/DerivedDataCache/Boot.ddc
[2017.10.11-22.32.34:723][  0]LogDerivedDataCache: FDerivedDataBackendGraph:  Pak pak cache file ../../../../../Workspace/fisherman/UE_fisherman/DerivedDataCache/DDC.ddp not found, will not use a pak cache.
[2017.10.11-22.32.34:723][  0]LogDerivedDataCache: Unable to find inner node Pak for hierarchical cache Hierarchy.
[2017.10.11-22.32.34:723][  0]LogDerivedDataCache: FDerivedDataBackendGraph:  CompressedPak pak cache file ../../../../../Workspace/fisherman/UE_fisherman/DerivedDataCache/Compressed.ddp not found, will not use a pak cache.
[2017.10.11-22.32.34:723][  0]LogDerivedDataCache: Unable to find inner node CompressedPak for hierarchical cache Hierarchy.
[2017.10.11-22.32.34:738][  0]LogDerivedDataCache:Display: Pak cache opened for reading ../../../Engine/DerivedDataCache/Compressed.ddp.
[2017.10.11-22.32.34:750][  0]LogDerivedDataCache: Using Local data cache path C:/Users/Sebastian/AppData/Local/UnrealEngine/Common/DerivedDataCache: Writable
[2017.10.11-22.32.34:759][  0]LogMaterial: Verifying Global Shaders for PCD3D_SM5
[2017.10.11-22.32.34:760][  0]LogSlate: Using Freetype 2.6.0
[2017.10.11-22.32.34:760][  0]LogSlate: SlateFontCache - WITH_FREETYPE: 1, WITH_HARFBUZZ: 1
[2017.10.11-22.32.34:760][  0]LogSlate: SlateFontCache - WITH_FREETYPE: 1, WITH_HARFBUZZ: 1
[2017.10.11-22.32.35:043][  0]LogInit: Selected Device Profile: [Windows]
[2017.10.11-22.32.35:105][  0]LogContentStreaming: Texture pool size is 0.00 MB
[2017.10.11-22.32.35:227][  0]LogMeshUtilities: Using QuadricMeshReduction for automatic static mesh reduction
[2017.10.11-22.32.35:257][  0]LogSimplygon: Simplygon DLL not present - disabling.
[2017.10.11-22.32.35:287][  0]LogMeshUtilities: Using SimplygonSwarm for distributed automatic mesh merging
[2017.10.11-22.32.35:287][  0]LogMeshUtilities: No automatic skeletal mesh reduction module available
[2017.10.11-22.32.35:287][  0]LogMeshUtilities: No automatic mesh merging module available
[2017.10.11-22.32.35:703][  0]LogNetVersion: UE_fisherman , NetCL: 3452394, EngineNetVer: 2, GameNetVer: 0 (Checksum: 3140261250)
[2017.10.11-22.32.35:751][  0]LogAssetRegistry: FAssetRegistry took 0.0243 seconds to start up
[2017.10.11-22.32.35:783][  0]LogPackageLocalizationCache: Processed 4 localized package path(s) for 1 prioritized culture(s) in 0.016834 seconds
[2017.10.11-22.32.35:789][  0]LogUObjectArray: 34194 objects as part of root set at end of initial load.
[2017.10.11-22.32.35:789][  0]LogUObjectAllocator: 7260424 out of 0 bytes used by permanent object pool.
[2017.10.11-22.32.35:789][  0]LogUObjectArray: CloseDisregardForGC: 0/0 objects in disregard for GC pool
[2017.10.11-22.32.35:826][  0]LogInit: WinSock: version 1.1 (2.2), MaxSocks=32767, MaxUdp=65467
[2017.10.11-22.32.37:600][  0]LogTcpMessaging: Initializing TcpMessaging bridge
[2017.10.11-22.32.37:626][  0]LogUdpMessaging: Initializing bridge on interface 0.0.0.0:0 to multicast group 230.0.0.1:6666.
[2017.10.11-22.32.37:942][  0]LogMaterial: Uniform references updated for custom material expression Custom.
[2017.10.11-22.32.38:213][  0]SourceControl: Info Source control is disabled
[2017.10.11-22.32.39:029][  0]LogAndroidPermission: UAndroidPermissionCallbackProxy::GetInstance
[2017.10.11-22.32.39:365][  0]LogEngine: Initializing Engine...
[2017.10.11-22.32.39:366][  0]LogHMD: Failed to initialize OpenVR with code 110
[2017.10.11-22.32.39:523][  0]LogStats: UGameplayTagsManager::ConstructGameplayTagTree: Construct from data asset -  0.000 s
[2017.10.11-22.32.39:523][  0]LogStats: UGameplayTagsManager::ConstructGameplayTagTree: GameplayTagTreeChangedEvent.Broadcast -  0.000 s
[2017.10.11-22.32.39:593][  0]LogAIModule: Creating AISystem for world Untitled
[2017.10.11-22.32.39:606][  0]LogInit: XAudio2 using 'Altavoces (Realtek High Definition Audio)' : 2 channels at 48 kHz using 32 bits per sample (channel mask 0x3)
[2017.10.11-22.32.39:621][  0]LogInit: FAudioDevice initialized.
[2017.10.11-22.32.39:656][  0]LogDerivedDataCache: Saved boot cache 0.04s 90MB C:/Users/Sebastian/AppData/Local/UnrealEngine/4.16/DerivedDataCache/Boot.ddc.
[2017.10.11-22.32.39:660][  0]LogInit: Texture streaming: Enabled
[2017.10.11-22.32.39:709][  0]LogEngineSessionManager: EngineSessionManager initialized
[2017.10.11-22.32.39:839][  0]LogInit: Transaction tracking system initialized
[2017.10.11-22.32.40:013][  0]BlueprintLog: New page: Editor Load
[2017.10.11-22.32.40:530][  0]LocalizationService: Info Localization service is disabled
[2017.10.11-22.32.40:910][  0]LogConsoleResponse:Display: 
[2017.10.11-22.32.41:021][  0]LogCook:Display: Max memory allowance for cook 16384mb min free memory 0mb
[2017.10.11-22.32.41:021][  0]LogCook:Display: Mobile HDR setting 1
[2017.10.11-22.32.41:049][  0]LogFileCache: Scanning file cache for directory 'D:/Workspace/fisherman/UE_fisherman/Content/' took 0.01s
[2017.10.11-22.32.41:693][  0]Cmd: MAP LOAD FILE="../../../../../Workspace/fisherman/UE_fisherman/Content/level/testlevel.umap" TEMPLATE=0 SHOWPROGRESS=1 FEATURELEVEL=3
[2017.10.11-22.32.41:693][  0]LightingResults: New page: Lighting Build
[2017.10.11-22.32.41:716][  0]MapCheck: New page: Map Check
[2017.10.11-22.32.41:716][  0]LightingResults: New page: Lighting Build
[2017.10.11-22.32.41:780][  0]LogTexture:Display: Building textures: fisherman_bodyDiffuseMap (AutoDXT, 1024X1024)
[2017.10.11-22.32.41:867][  0]LogMaterial: Missing cached shader map for material m_fisherman, compiling. 
[2017.10.11-22.32.41:905][  0]LogMaterial: Missing cached shader map for material m_test, compiling. 
[2017.10.11-22.32.41:916][  0]LogAnimationCompression: Building Anim DDC data for AnimSequence /Game/bluePrint/char/fisherman_Idle.fisherman_Idle
[2017.10.11-22.32.41:921][  0]LogAnimationCompression: Building Anim DDC data for AnimSequence /Game/bluePrint/char/fisherman_walk.fisherman_walk
[2017.10.11-22.32.41:927][  0]LogAIModule: Creating AISystem for world testlevel
[2017.10.11-22.32.41:931][  0]LogEditorServer: Finished looking for orphan Actors (0.000 secs)
[2017.10.11-22.32.41:943][  0]Cmd: MAP CHECKDEP NOCLEARLOG
[2017.10.11-22.32.41:983][  0]MapCheck: Info Map check complete: 0 Error(s), 0 Warning(s), took 40.606ms to complete.
[2017.10.11-22.32.41:984][  0]LogFileHelpers: Loading map 'testlevel' took 0.291
[2017.10.11-22.32.42:119][  0]LogCollectionManager: Loaded 0 collections in 0.000968 seconds
[2017.10.11-22.32.42:189][  0]LogFileCache: Scanning file cache for directory 'D:/Workspace/fisherman/UE_fisherman/Saved/Collections/' took 0.01s
[2017.10.11-22.32.42:189][  0]LogFileCache: Scanning file cache for directory 'D:/Workspace/fisherman/UE_fisherman/Content/Developers/Sebastian/Collections/' took 0.01s
[2017.10.11-22.32.42:189][  0]LogFileCache: Scanning file cache for directory 'D:/Workspace/fisherman/UE_fisherman/Content/Collections/' took 0.01s
[2017.10.11-22.32.42:189][  0]LogCollectionManager: Rebuilt the GUID cache for 0 collections in 0.000001 seconds
[2017.10.11-22.32.42:200][  0]LogContentBrowser: Native class hierarchy populated in 0.0111 seconds. Added 2329 classes and 491 folders.
[2017.10.11-22.32.42:262][  0]LogContentBrowser: Native class hierarchy updated for 'WidgetCarousel' in 0.0006 seconds. Added 0 classes and 0 folders.
[2017.10.11-22.32.42:299][  0]LogContentBrowser: Native class hierarchy updated for 'AddContentDialog' in 0.0006 seconds. Added 0 classes and 0 folders.
[2017.10.11-22.32.42:337][  0]LogContentBrowser: Native class hierarchy updated for 'SceneOutliner' in 0.0007 seconds. Added 1 classes and 2 folders.
[2017.10.11-22.32.42:422][  0]LogCrashTracker: Crashtracker disabled due to settings.
[2017.10.11-22.32.42:429][  0]LogSlate: Took 0.000206 seconds to synchronously load lazily loaded font '../../../Engine/Content/Slate/Fonts/Roboto-Regular.ttf' (155K)
[2017.10.11-22.32.42:432][  0]LogSlate: Took 0.000262 seconds to synchronously load lazily loaded font '../../../Engine/Content/Slate/Fonts/Roboto-Bold.ttf' (160K)
[2017.10.11-22.32.42:439][  0]LogSlate: Took 0.000324 seconds to synchronously load lazily loaded font '../../../Engine/Content/Editor/Slate/Fonts/FontAwesome.ttf' (139K)
[2017.10.11-22.32.42:570][  0]LogRenderer: Reallocating scene render targets to support 1112x508 NumSamples 1 (Frame:1).
[2017.10.11-22.32.42:695][  0]LogUObjectGlobals:Warning: Failed to find object 'Class None.'
[2017.10.11-22.32.42:758][  0]LogContentBrowser: Native class hierarchy updated for 'HierarchicalLODOutliner' in 0.0007 seconds. Added 1 classes and 2 folders.
[2017.10.11-22.32.42:758][  0]LogLoad: (Engine Initialization) Total time: 12.60 seconds
[2017.10.11-22.32.42:758][  0]LogLoad: (Engine Initialization) Total Blueprint compile time: 0.04 seconds
[2017.10.11-22.32.42:758][  0]LogExternalProfiler: Found external profiler: VSPerf
[2017.10.11-22.32.42:758][  0]LogExternalProfiler: Using external profiler: VSPerf
[2017.10.11-22.32.43:099][  0]LogOcInput: OculusInput pre-init called
[2017.10.11-22.32.43:099][  0]LogHMD: Starting GearVRController plugin
[2017.10.11-22.32.43:118][  0]SourceControl: Info On branch master
[2017.10.11-22.32.43:118][  0]SourceControl: Info Your branch is up-to-date with 'origin/master'.
[2017.10.11-22.32.43:118][  0]SourceControl: Info Changes to be committed:
[2017.10.11-22.32.43:118][  0]SourceControl: Info   (use "git reset HEAD <file>..." to unstage)
[2017.10.11-22.32.43:118][  0]SourceControl: Info 	modified:   Export/LibraryProps.png
[2017.10.11-22.32.43:118][  0]SourceControl: Info 	modified:   Export/ParedInteriorDiffuseMap.jpg
[2017.10.11-22.32.43:118][  0]SourceControl: Info 	modified:   Export/PeredPiedraDiffuseMap.jpg
[2017.10.11-22.32.43:118][  0]SourceControl: Info 	modified:   Export/banquitoDiffuseMap.jpg
[2017.10.11-22.32.43:118][  0]SourceControl: Info 	modified:   Export/barrilDiffuseMap.jpg
[2017.10.11-22.32.43:118][  0]SourceControl: Info 	modified:   Export/calderonDiffuseMap.jpg
[2017.10.11-22.32.43:118][  0]SourceControl: Info 	modified:   Export/estanteADiffuseMap.jpg
[2017.10.11-22.32.43:118][  0]SourceControl: Info 	modified:   Export/estanteBDiffuseMap.jpg
[2017.10.11-22.32.43:118][  0]SourceControl: Info 	modified:   Export/estanteCDiffuseMap.jpg
[2017.10.11-22.32.43:118][  0]SourceControl: Info 	modified:   Export/fisherman.png
[2017.10.11-22.32.43:118][  0]SourceControl: Info 	modified:   Export/fisherman_bodyDiffuseMap.jpg
[2017.10.11-22.32.43:118][  0]SourceControl: Info 	modified:   Export/housePropsA.png
[2017.10.11-22.32.43:118][  0]SourceControl: Info 	modified:   Export/icons/icon_candelabro.jpg
[2017.10.11-22.32.43:118][  0]SourceControl: Info 	modified:   Export/icons/libro.jpg
[2017.10.11-22.32.43:118][  0]SourceControl: Info 	modified:   Export/icons/papel.jpg
[2017.10.11-22.32.43:118][  0]SourceControl: Info 	modified:   Export/icons/pergaminos.jpg
[2017.10.11-22.32.43:118][  0]SourceControl: Info 	modified:   Export/icons/tintero.jpg
[2017.10.11-22.32.43:118][  0]SourceControl: Info 	modified:   Export/icons/vela.jpg
[2017.10.11-22.32.43:118][  0]SourceControl: Info 	modified:   Export/magicGirlAnim_IDLE.fbm/MagicForestGirl_DiffuseMap.png
[2017.10.11-22.32.43:118][  0]SourceControl: Info 	modified:   Export/magicGirlAnim_run.fbm/MagicForestGirl_DiffuseMap.png
[2017.10.11-22.32.43:118][  0]SourceControl: Info 	modified:   Export/magicGirlAnim_run02.fbm/MagicForestGirl_DiffuseMap.png
[2017.10.11-22.32.43:118][  0]SourceControl: Info 	modified:   Export/mesaRectangularDiffuseMap.jpg
[2017.10.11-22.32.43:118][  0]SourceControl: Info 	modified:   Export/mesaRedondaDiffuseMap.jpg
[2017.10.11-22.32.43:119][  0]SourceControl: Info 	modified:   Export/sillaADiffuseMap.jpg
[2017.10.11-22.32.43:119][  0]SourceControl: Info 	modified:   Export/sillaBDiffuseMap.jpg
[2017.10.11-22.32.43:119][  0]SourceControl: Info 	modified:   Export/sueloMaderaDiffuseMap.jpg
[2017.10.11-22.32.43:119][  0]SourceControl: Info 	modified:   Export/sueloPiedra001DiffuseMap.jpg
[2017.10.11-22.32.43:119][  0]SourceControl: Info 	modified:   Export/walls01.png
[2017.10.11-22.32.43:119][  0]SourceControl: Info 	modified:   UE_fisherman/Content/bluePrint/bp_playerController.uasset
[2017.10.11-22.32.43:119][  0]SourceControl: Info 	modified:   UE_fisherman/Content/bluePrint/bpc_fisherman.uasset
[2017.10.11-22.32.43:119][  0]SourceControl: Info 	modified:   UE_fisherman/Content/bluePrint/char/bpa_fisherman.uasset
[2017.10.11-22.32.43:119][  0]SourceControl: Info 	modified:   UE_fisherman/Content/bluePrint/char/bs_fisherman.uasset
[2017.10.11-22.32.43:119][  0]SourceControl: Info 	modified:   UE_fisherman/Content/bluePrint/char/fisherman.uasset
[2017.10.11-22.32.43:119][  0]SourceControl: Info 	modified:   UE_fisherman/Content/bluePrint/char/fisherman_Idle.uasset
[2017.10.11-22.32.43:119][  0]SourceControl: Info 	modified:   UE_fisherman/Content/bluePrint/char/fisherman_PhysicsAsset.uasset
[2017.10.11-22.32.43:119][  0]SourceControl: Info 	modified:   UE_fisherman/Content/bluePrint/char/fisherman_Skeleton.uasset
[2017.10.11-22.32.43:119][  0]SourceControl: Info 	modified:   UE_fisherman/Content/bluePrint/char/fisherman_walk.uasset
[2017.10.11-22.32.43:119][  0]SourceControl: Info 	modified:   UE_fisherman/Content/bluePrint/gm_fisherman.uasset
[2017.10.11-22.32.43:119][  0]SourceControl: Info 	modified:   UE_fisherman/Content/bluePrint/interface/interact.uasset
[2017.10.11-22.32.43:119][  0]SourceControl: Info 	modified:   UE_fisherman/Content/level/testlevel.umap
[2017.10.11-22.32.43:119][  0]SourceControl: Info 	modified:   UE_fisherman/Content/material/m_fisherman.uasset
[2017.10.11-22.32.43:119][  0]SourceControl: Info 	modified:   UE_fisherman/Content/material/m_test.uasset
[2017.10.11-22.32.43:119][  0]SourceControl: Info 	modified:   UE_fisherman/Content/textura/ParedInteriorDiffuseMap.uasset
[2017.10.11-22.32.43:119][  0]SourceControl: Info 	modified:   UE_fisherman/Content/textura/PeredPiedraDiffuseMap.uasset
[2017.10.11-22.32.43:119][  0]SourceControl: Info 	modified:   UE_fisherman/Content/textura/banquitoDiffuseMap.uasset
[2017.10.11-22.32.43:119][  0]SourceControl: Info 	modified:   UE_fisherman/Content/textura/barrilDiffuseMap.uasset
[2017.10.11-22.32.43:119][  0]SourceControl: Info 	modified:   UE_fisherman/Content/textura/calderonDiffuseMap.uasset
[2017.10.11-22.32.43:119][  0]SourceControl: Info 	modified:   UE_fisherman/Content/textura/estanteADiffuseMap.uasset
[2017.10.11-22.32.43:119][  0]SourceControl: Info 	modified:   UE_fisherman/Content/textura/estanteBDiffuseMap.uasset
[2017.10.11-22.32.43:119][  0]SourceControl: Info 	modified:   UE_fisherman/Content/textura/estanteCDiffuseMap.uasset
[2017.10.11-22.32.43:119][  0]SourceControl: Info 	modified:   UE_fisherman/Content/textura/fisherman_bodyDiffuseMap.uasset
[2017.10.11-22.32.43:119][  0]SourceControl: Info 	modified:   UE_fisherman/Content/textura/mesaRectangularDiffuseMap.uasset
[2017.10.11-22.32.43:119][  0]SourceControl: Info 	modified:   UE_fisherman/Content/textura/mesaRedondaDiffuseMap.uasset
[2017.10.11-22.32.43:119][  0]SourceControl: Info 	modified:   UE_fisherman/Content/textura/sillaADiffuseMap.uasset
[2017.10.11-22.32.43:119][  0]SourceControl: Info 	modified:   UE_fisherman/Content/textura/sillaBDiffuseMap.uasset
[2017.10.11-22.32.43:119][  0]SourceControl: Info 	modified:   UE_fisherman/Content/textura/sueloMaderaDiffuseMap.uasset
[2017.10.11-22.32.43:119][  0]SourceControl: Info 	modified:   UE_fisherman/Content/textura/sueloPiedra001DiffuseMap.uasset
[2017.10.11-22.32.43:119][  0]SourceControl: Info 	modified:   UE_fisherman/Saved/AutoScreenshot.png
[2017.10.11-22.32.43:119][  0]SourceControl: Info 	modified:   UE_fisherman/Saved/Autosaves/Game/bluePrint/bpc_fisherman_Auto2.uasset
[2017.10.11-22.32.43:119][  0]SourceControl: Info 	modified:   UE_fisherman/Saved/Autosaves/Game/bluePrint/bpc_fisherman_Auto3.uasset
[2017.10.11-22.32.43:119][  0]SourceControl: Info 	modified:   UE_fisherman/Saved/Autosaves/Game/bluePrint/bpc_fisherman_Auto4.uasset
[2017.10.11-22.32.43:119][  0]SourceControl: Info 	modified:   UE_fisherman/Saved/Autosaves/Game/bluePrint/bpc_fisherman_Auto5.uasset
[2017.10.11-22.32.43:119][  0]SourceControl: Info 	modified:   UE_fisherman/Saved/Autosaves/Game/bluePrint/bpc_fisherman_Auto6.uasset
[2017.10.11-22.32.43:119][  0]SourceControl: Info 	modified:   UE_fisherman/Saved/Autosaves/Game/bluePrint/char/bpa_fisherman_Auto2.uasset
[2017.10.11-22.32.43:119][  0]SourceControl: Info 	modified:   UE_fisherman/Saved/Autosaves/Game/bluePrint/char/bpa_fisherman_Auto3.uasset
[2017.10.11-22.32.43:119][  0]SourceControl: Info 	modified:   UE_fisherman/Saved/Autosaves/Game/bluePrint/char/bpa_fisherman_Auto4.uasset
[2017.10.11-22.32.43:119][  0]SourceControl: Info 	modified:   UE_fisherman/Saved/Autosaves/Game/bluePrint/char/bpa_fisherman_Auto5.uasset
[2017.10.11-22.32.43:119][  0]SourceControl: Info 	modified:   UE_fisherman/Saved/Autosaves/Game/bluePrint/char/bpa_fisherman_Auto6.uasset
[2017.10.11-22.32.43:119][  0]SourceControl: Info 	modified:   UE_fisherman/Saved/Autosaves/Game/bluePrint/char/fisherman_Auto2.uasset
[2017.10.11-22.32.43:119][  0]SourceControl: Info 	modified:   UE_fisherman/Saved/Autosaves/Game/bluePrint/char/fisherman_Idle_Anim_Auto3.uasset
[2017.10.11-22.32.43:119][  0]SourceControl: Info 	modified:   UE_fisherman/Saved/Autosaves/Game/bluePrint/char/fisherman_Idle_Auto1.uasset
[2017.10.11-22.32.43:119][  0]SourceControl: Info 	modified:   UE_fisherman/Saved/Autosaves/Game/bluePrint/char/fisherman_Idle_Auto3.uasset
[2017.10.11-22.32.43:119][  0]SourceControl: Info 	modified:   UE_fisherman/Saved/Autosaves/Game/bluePrint/char/fisherman_Idle_PhysicsAsset_Auto3.uasset
[2017.10.11-22.32.43:119][  0]SourceControl: Info 	modified:   UE_fisherman/Saved/Autosaves/Game/bluePrint/char/fisherman_walk_Anim_Auto3.uasset
[2017.10.11-22.32.43:119][  0]SourceControl: Info 	modified:   UE_fisherman/Saved/Autosaves/Game/bluePrint/char/fisherman_walk_Auto1.uasset
[2017.10.11-22.32.43:119][  0]SourceControl: Info 	modified:   UE_fisherman/Saved/Autosaves/Game/bluePrint/char/fisherman_walk_Auto3.uasset
[2017.10.11-22.32.43:119][  0]SourceControl: Info 	modified:   UE_fisherman/Saved/Autosaves/Game/bluePrint/char/fisherman_walk_PhysicsAsset_Auto3.uasset
[2017.10.11-22.32.43:119][  0]SourceControl: Info 	modified:   UE_fisherman/Saved/Autosaves/Game/material/m_test_Auto6.uasset
[2017.10.11-22.32.43:119][  0]SourceControl: Info 	modified:   UE_fisherman/Saved/Autosaves/Game/textura/LibraryProps_Auto1.uasset
[2017.10.11-22.32.43:119][  0]SourceControl: Info 	modified:   UE_fisherman/Saved/Autosaves/Game/textura/ParedInteriorDiffuseMap_Auto1.uasset
[2017.10.11-22.32.43:119][  0]SourceControl: Info 	modified:   UE_fisherman/Saved/Autosaves/Game/textura/PeredPiedraDiffuseMap_Auto1.uasset
[2017.10.11-22.32.43:119][  0]SourceControl: Info 	modified:   UE_fisherman/Saved/Autosaves/Game/textura/banquitoDiffuseMap_Auto1.uasset
[2017.10.11-22.32.43:119][  0]SourceControl: Info 	modified:   UE_fisherman/Saved/Autosaves/Game/textura/barrilDiffuseMap_Auto1.uasset
[2017.10.11-22.32.43:119][  0]SourceControl: Info 	modified:   UE_fisherman/Saved/Autosaves/Game/textura/calderonDiffuseMap_Auto1.uasset
[2017.10.11-22.32.43:119][  0]SourceControl: Info 	modified:   UE_fisherman/Saved/Autosaves/Game/textura/estanteADiffuseMap_Auto1.uasset
[2017.10.11-22.32.43:119][  0]SourceControl: Info 	modified:   UE_fisherman/Saved/Autosaves/Game/textura/estanteBDiffuseMap_Auto1.uasset
[2017.10.11-22.32.43:119][  0]SourceControl: Info 	modified:   UE_fisherman/Saved/Autosaves/Game/textura/estanteCDiffuseMap_Auto1.uasset
[2017.10.11-22.32.43:119][  0]SourceControl: Info 	modified:   UE_fisherman/Saved/Autosaves/Game/textura/fisherman_Auto1.uasset
[2017.10.11-22.32.43:119][  0]SourceControl: Info 	modified:   UE_fisherman/Saved/Autosaves/Game/textura/fisherman_bodyDiffuseMap_Auto1.uasset
[2017.10.11-22.32.43:119][  0]SourceControl: Info 	modified:   UE_fisherman/Saved/Autosaves/Game/textura/housePropsA_Auto1.uasset
[2017.10.11-22.32.43:119][  0]SourceControl: Info 	modified:   UE_fisherman/Saved/Autosaves/Game/textura/mesaRectangularDiffuseMap_Auto1.uasset
[2017.10.11-22.32.43:119][  0]SourceControl: Info 	modified:   UE_fisherman/Saved/Autosaves/Game/textura/mesaRedondaDiffuseMap_Auto1.uasset
[2017.10.11-22.32.43:119][  0]SourceControl: Info 	modified:   UE_fisherman/Saved/Autosaves/Game/textura/sillaADiffuseMap_Auto1.uasset
[2017.10.11-22.32.43:119][  0]SourceControl: Info 	modified:   UE_fisherman/Saved/Autosaves/Game/textura/sillaBDiffuseMap_Auto1.uasset
[2017.10.11-22.32.43:119][  0]SourceControl: Info 	modified:   UE_fisherman/Saved/Autosaves/Game/textura/sueloMaderaDiffuseMap_Auto1.uasset
[2017.10.11-22.32.43:119][  0]SourceControl: Info 	modified:   UE_fisherman/Saved/Autosaves/Game/textura/sueloPiedra001DiffuseMap_Auto1.uasset
[2017.10.11-22.32.43:119][  0]SourceControl: Info 	modified:   UE_fisherman/Saved/Autosaves/Game/textura/walls01_Auto1.uasset
[2017.10.11-22.32.43:119][  0]SourceControl: Info 	modified:   UE_fisherman/Saved/Backup/asascaca_2017-10-11-17-46-27.uasset
[2017.10.11-22.32.43:119][  0]SourceControl: Info 	modified:   UE_fisherman/Saved/Backup/asdalsdka_2017-10-11-17-47-21.uasset
[2017.10.11-22.32.43:120][  0]SourceControl: Info 	modified:   UE_fisherman/Saved/Backup/bpa_fisherman_2017-10-11-14-48-03.uasset
[2017.10.11-22.32.43:120][  0]SourceControl: Info 	modified:   UE_fisherman/Saved/Backup/bpa_fisherman_2017-10-11-14-58-06.uasset
[2017.10.11-22.32.43:120][  0]SourceControl: Info 	modified:   UE_fisherman/Saved/Backup/bpa_fisherman_2017-10-11-15-13-06.uasset
[2017.10.11-22.32.43:120][  0]SourceControl: Info 	modified:   UE_fisherman/Saved/Backup/bpa_fisherman_2017-10-11-15-24-26.uasset
[2017.10.11-22.32.43:120][  0]SourceControl: Info 	modified:   UE_fisherman/Saved/Backup/bpa_fisherman_2017-10-11-15-49-48.uasset
[2017.10.11-22.32.43:120][  0]SourceControl: Info 	modified:   UE_fisherman/Saved/Backup/bpa_fisherman_2017-10-11-16-11-57.uasset
[2017.10.11-22.32.43:120][  0]SourceControl: Info 	modified:   UE_fisherman/Saved/Backup/bpc_fisherman_2017-10-11-13-37-08.uasset
[2017.10.11-22.32.43:120][  0]SourceControl: Info 	modified:   UE_fisherman/Saved/Backup/bpc_fisherman_2017-10-11-13-45-13.uasset
[2017.10.11-22.32.43:120][  0]SourceControl: Info 	modified:   UE_fisherman/Saved/Backup/bpc_fisherman_2017-10-11-13-57-04.uasset
[2017.10.11-22.32.43:120][  0]SourceControl: Info 	modified:   UE_fisherman/Saved/Backup/bpc_fisherman_2017-10-11-14-44-37.uasset
[2017.10.11-22.32.43:120][  0]SourceControl: Info 	modified:   UE_fisherman/Saved/Backup/bpc_fisherman_2017-10-11-14-58-06.uasset
[2017.10.11-22.32.43:120][  0]SourceControl: Info 	modified:   UE_fisherman/Saved/Backup/bpc_fisherman_2017-10-11-15-13-06.uasset
[2017.10.11-22.32.43:120][  0]SourceControl: Info 	modified:   UE_fisherman/Saved/Backup/bpc_fisherman_2017-10-11-15-24-26.uasset
[2017.10.11-22.32.43:120][  0]SourceControl: Info 	modified:   UE_fisherman/Saved/Backup/bpc_fisherman_2017-10-11-15-49-48.uasset
[2017.10.11-22.32.43:120][  0]SourceControl: Info 	modified:   UE_fisherman/Saved/Backup/bpc_fisherman_2017-10-11-16-11-54.uasset
[2017.10.11-22.32.43:120][  0]SourceControl: Info 	modified:   UE_fisherman/Saved/Backup/bpc_fisherman_2017-10-11-16-17-51.uasset
[2017.10.11-22.32.43:120][  0]SourceControl: Info 	modified:   UE_fisherman/Saved/Backup/bs_fishermanIDLE_RUN_2017-10-11-13-50-07.uasset
[2017.10.11-22.32.43:120][  0]SourceControl: Info 	modified:   UE_fisherman/Saved/Backup/bs_fisherman_2017-10-11-14-42-47.uasset
[2017.10.11-22.32.43:120][  0]SourceControl: Info 	modified:   UE_fisherman/Saved/Backup/bs_fisherman_2017-10-11-15-06-09.uasset
[2017.10.11-22.32.43:120][  0]SourceControl: Info 	modified:   UE_fisherman/Saved/Backup/bs_fisherman_2017-10-11-16-12-40.uasset
[2017.10.11-22.32.43:120][  0]SourceControl: Info 	modified:   UE_fisherman/Saved/Backup/fisherman_2017-10-11-11-37-51.uasset
[2017.10.11-22.32.43:120][  0]SourceControl: Info 	modified:   UE_fisherman/Saved/Backup/fisherman_2017-10-11-13-38-43.uasset
[2017.10.11-22.32.43:120][  0]SourceControl: Info 	modified:   UE_fisherman/Saved/Backup/fisherman_2017-10-11-13-50-07.uasset
[2017.10.11-22.32.43:120][  0]SourceControl: Info 	modified:   UE_fisherman/Saved/Backup/fisherman_2017-10-11-14-43-21.uasset
[2017.10.11-22.32.43:120][  0]SourceControl: Info 	modified:   UE_fisherman/Saved/Backup/fisherman_Idle_2017-10-11-13-50-07.uasset
[2017.10.11-22.32.43:120][  0]SourceControl: Info 	modified:   UE_fisherman/Saved/Backup/fisherman_PhysicsAsset_2017-10-11-13-38-43.uasset
[2017.10.11-22.32.43:120][  0]SourceControl: Info 	modified:   UE_fisherman/Saved/Backup/fisherman_PhysicsAsset_2017-10-11-13-50-07.uasset
[2017.10.11-22.32.43:120][  0]SourceControl: Info 	modified:   UE_fisherman/Saved/Backup/fisherman_Skeleton_2017-10-11-13-38-43.uasset
[2017.10.11-22.32.43:120][  0]SourceControl: Info 	modified:   UE_fisherman/Saved/Backup/fisherman_Skeleton_2017-10-11-13-50-07.uasset
[2017.10.11-22.32.43:120][  0]SourceControl: Info 	modified:   UE_fisherman/Saved/Backup/fisherman_walk_2017-10-11-13-49-35.uasset
[2017.10.11-22.32.43:120][  0]SourceControl: Info 	modified:   UE_fisherman/Saved/Backup/interact_2017-10-11-17-25-26.uasset
[2017.10.11-22.32.43:120][  0]SourceControl: Info 	modified:   UE_fisherman/Saved/Backup/m_fisherman_2017-10-11-11-24-59.uasset
[2017.10.11-22.32.43:120][  0]SourceControl: Info 	modified:   UE_fisherman/Saved/Backup/sadfafga_2017-10-11-17-46-43.uasset
[2017.10.11-22.32.43:120][  0]SourceControl: Info 	modified:   UE_fisherman/Saved/Backup/testlevel_2017-10-11-13-38-40.umap
[2017.10.11-22.32.43:120][  0]SourceControl: Info 	modified:   UE_fisherman/Saved/Backup/testlevel_2017-10-11-13-45-04.umap
[2017.10.11-22.32.43:120][  0]SourceControl: Info 	modified:   UE_fisherman/Saved/Backup/testlevel_2017-10-11-13-57-18.umap
[2017.10.11-22.32.43:120][  0]SourceControl: Info 	modified:   UE_fisherman/Saved/Backup/testlevel_2017-10-11-16-17-51.umap
[2017.10.11-22.32.43:120][  0]SourceControl: Info 	modified:   UE_fisherman/Saved/Diff/temp-3ec18053a980c9804d0451bb5ddcac4875359f48-bpc_fisherman.uasset
[2017.10.11-22.32.43:120][  0]SourceControl: Info 	modified:   UE_fisherman/Saved/Diff/temp-fd299cd5111e6e53cea2bfe1783ad9713274002b-bpc_fisherman.uasset
[2017.10.11-22.32.43:120][  0]SourceControl: Info 	modified:   UE_fisherman/UE_fisherman.uproject
[2017.10.11-22.32.43:120][  0]SourceControl: Info 	modified:   max/MagicForestGirl_DiffuseMap.png
[2017.10.11-22.32.43:120][  0]SourceControl: Info 	modified:   max/MagicGirl_Base.max
[2017.10.11-22.32.43:120][  0]SourceControl: Info 	modified:   max/MagicGirl_IDLE.max
[2017.10.11-22.32.43:120][  0]SourceControl: Info 	modified:   max/MagicGirl_animRun.max
[2017.10.11-22.32.43:120][  0]SourceControl: Info 	modified:   max/PropsLibrary.max
[2017.10.11-22.32.43:120][  0]SourceControl: Info 	modified:   max/fisherman.max
[2017.10.11-22.32.43:120][  0]SourceControl: Info 	modified:   max/houseInteriorA.max
[2017.10.11-22.32.43:120][  0]SourceControl: Info 	modified:   max/houseInteriorAexported.max
[2017.10.11-22.32.43:120][  0]SourceControl: Info 	modified:   max/wallls.max
[2017.10.11-22.32.43:120][  0]SourceControl: Info 	modified:   vox/Dormitorio.vox
[2017.10.11-22.32.43:120][  0]SourceControl: Info 	modified:   vox/FarmProps.vox
[2017.10.11-22.32.43:120][  0]SourceControl: Info 	modified:   vox/Flora1.vox
[2017.10.11-22.32.43:120][  0]SourceControl: Info 	modified:   vox/FornitureRed.vox
[2017.10.11-22.32.43:120][  0]SourceControl: Info 	modified:   vox/LibraryProps.vox
[2017.10.11-22.32.43:120][  0]SourceControl: Info 	modified:   vox/MagicForestGirl.vox
[2017.10.11-22.32.43:120][  0]SourceControl: Info 	modified:   vox/armas01.vox
[2017.10.11-22.32.43:120][  0]SourceControl: Info 	modified:   vox/fisherman.vox
[2017.10.11-22.32.43:120][  0]SourceControl: Info 	modified:   vox/housePropsA.vox
[2017.10.11-22.32.43:120][  0]SourceControl: Info 	modified:   vox/rocksA.vox
[2017.10.11-22.32.43:120][  0]SourceControl: Info 	modified:   vox/vajillaA.vox
[2017.10.11-22.32.43:120][  0]SourceControl: Info 	modified:   vox/walls01.vox
[2017.10.11-22.32.43:120][  0]SourceControl: Info Changes not staged for commit:
[2017.10.11-22.32.43:120][  0]SourceControl: Info   (use "git add <file>..." to update what will be committed)
[2017.10.11-22.32.43:120][  0]SourceControl: Info   (use "git checkout -- <file>..." to discard changes in working directory)
[2017.10.11-22.32.43:120][  0]SourceControl: Info 	modified:   UE_fisherman/Intermediate/CachedAssetRegistry.bin
[2017.10.11-22.32.43:120][  0]SourceControl: Info 	modified:   UE_fisherman/Saved/Backup/bpc_fisherman_2017-10-11-13-57-04.uasset
[2017.10.11-22.32.43:120][  0]SourceControl: Info 	modified:   UE_fisherman/Saved/Backup/bs_fishermanIDLE_RUN_2017-10-11-13-50-07.uasset
[2017.10.11-22.32.43:120][  0]SourceControl: Info 	modified:   UE_fisherman/Saved/Backup/bs_fisherman_2017-10-11-15-06-09.uasset
[2017.10.11-22.32.43:120][  0]SourceControl: Info 	modified:   UE_fisherman/Saved/Backup/fisherman_PhysicsAsset_2017-10-11-13-38-43.uasset
[2017.10.11-22.32.43:120][  0]SourceControl: Info 	modified:   UE_fisherman/Saved/Backup/fisherman_PhysicsAsset_2017-10-11-13-50-07.uasset
[2017.10.11-22.32.43:120][  0]SourceControl: Info 	modified:   UE_fisherman/Saved/Backup/fisherman_Skeleton_2017-10-11-13-38-43.uasset
[2017.10.11-22.32.43:120][  0]SourceControl: Info 	modified:   UE_fisherman/Saved/Backup/fisherman_Skeleton_2017-10-11-13-50-07.uasset
[2017.10.11-22.32.43:120][  0]SourceControl: Info 	modified:   UE_fisherman/Saved/Backup/interact_2017-10-11-17-25-26.uasset
[2017.10.11-22.32.43:120][  0]SourceControl: Info 	modified:   UE_fisherman/Saved/Backup/sadfafga_2017-10-11-17-46-43.uasset
[2017.10.11-22.32.43:120][  0]SourceControl: Info 	modified:   UE_fisherman/Saved/Logs/UE_fisherman.log
[2017.10.11-22.32.43:120][  0]SourceControl: Info 	modified:   UE_fisherman/UE_fisherman.uproject
[2017.10.11-22.32.43:121][  0]SourceControl: Info 	modified:   vox/Dormitorio.vox
[2017.10.11-22.32.43:121][  0]SourceControl: Info 	modified:   vox/FarmProps.vox
[2017.10.11-22.32.43:121][  0]SourceControl: Info 	modified:   vox/Flora1.vox
[2017.10.11-22.32.43:121][  0]SourceControl: Info 	modified:   vox/FornitureRed.vox
[2017.10.11-22.32.43:121][  0]SourceControl: Info 	modified:   vox/LibraryProps.vox
[2017.10.11-22.32.43:121][  0]SourceControl: Info 	modified:   vox/MagicForestGirl.vox
[2017.10.11-22.32.43:121][  0]SourceControl: Info 	modified:   vox/armas01.vox
[2017.10.11-22.32.43:121][  0]SourceControl: Info 	modified:   vox/fisherman.vox
[2017.10.11-22.32.43:121][  0]SourceControl: Info 	modified:   vox/housePropsA.vox
[2017.10.11-22.32.43:121][  0]SourceControl: Info 	modified:   vox/rocksA.vox
[2017.10.11-22.32.43:121][  0]SourceControl: Info 	modified:   vox/vajillaA.vox
[2017.10.11-22.32.43:121][  0]SourceControl: Info 	modified:   vox/walls01.vox
[2017.10.11-22.32.43:121][  0]SourceControl: Info Untracked files:
[2017.10.11-22.32.43:121][  0]SourceControl: Info   (use "git add <file>..." to include in what will be committed)
[2017.10.11-22.32.43:121][  0]SourceControl: Info 	UE_fisherman/Saved/Config/CrashReportClient/UE4CC-Windows-83553280437926124EB62FBCB948E0B1/
[2017.10.11-22.32.43:121][  0]SourceControl: Info 	UE_fisherman/Saved/Logs/UE_fisherman-backup-2017.10.11-19.32.30.log
[2017.10.11-22.32.43:121][  0]LogContentStreaming: Texture pool size now 1000 MB
[2017.10.11-22.32.43:173][  0]LogSlate: Took 0.000163 seconds to synchronously load lazily loaded font '../../../Engine/Content/Slate/Fonts/Roboto-Light.ttf' (159K)
[2017.10.11-22.32.43:436][  1]LogAssetRegistry: Asset discovery search completed in 7.7067 seconds
[2017.10.11-22.32.43:438][  1]LogCollectionManager: Rebuilt the object cache for 0 collections in 0.000001 seconds (found 0 objects)
[2017.10.11-22.32.43:438][  1]LogCollectionManager: Fixed up redirectors for 0 collections in 0.000044 seconds (updated 0 objects)
[2017.10.11-22.34.32:190][906]SourceControl: Info On branch master
[2017.10.11-22.34.32:190][906]SourceControl: Info Your branch is up-to-date with 'origin/master'.
[2017.10.11-22.34.32:190][906]SourceControl: Info Changes to be committed:
[2017.10.11-22.34.32:190][906]SourceControl: Info   (use "git reset HEAD <file>..." to unstage)
[2017.10.11-22.34.32:190][906]SourceControl: Info 	modified:   Export/LibraryProps.png
[2017.10.11-22.34.32:190][906]SourceControl: Info 	modified:   Export/ParedInteriorDiffuseMap.jpg
[2017.10.11-22.34.32:190][906]SourceControl: Info 	modified:   Export/PeredPiedraDiffuseMap.jpg
[2017.10.11-22.34.32:190][906]SourceControl: Info 	modified:   Export/banquitoDiffuseMap.jpg
[2017.10.11-22.34.32:190][906]SourceControl: Info 	modified:   Export/barrilDiffuseMap.jpg
[2017.10.11-22.34.32:190][906]SourceControl: Info 	modified:   Export/calderonDiffuseMap.jpg
[2017.10.11-22.34.32:190][906]SourceControl: Info 	modified:   Export/estanteADiffuseMap.jpg
[2017.10.11-22.34.32:190][906]SourceControl: Info 	modified:   Export/estanteBDiffuseMap.jpg
[2017.10.11-22.34.32:190][906]SourceControl: Info 	modified:   Export/estanteCDiffuseMap.jpg
[2017.10.11-22.34.32:190][906]SourceControl: Info 	modified:   Export/fisherman.png
[2017.10.11-22.34.32:190][906]SourceControl: Info 	modified:   Export/fisherman_bodyDiffuseMap.jpg
[2017.10.11-22.34.32:190][906]SourceControl: Info 	modified:   Export/housePropsA.png
[2017.10.11-22.34.32:190][906]SourceControl: Info 	modified:   Export/icons/icon_candelabro.jpg
[2017.10.11-22.34.32:190][906]SourceControl: Info 	modified:   Export/icons/libro.jpg
[2017.10.11-22.34.32:190][906]SourceControl: Info 	modified:   Export/icons/papel.jpg
[2017.10.11-22.34.32:190][906]SourceControl: Info 	modified:   Export/icons/pergaminos.jpg
[2017.10.11-22.34.32:190][906]SourceControl: Info 	modified:   Export/icons/tintero.jpg
[2017.10.11-22.34.32:190][906]SourceControl: Info 	modified:   Export/icons/vela.jpg
[2017.10.11-22.34.32:190][906]SourceControl: Info 	modified:   Export/magicGirlAnim_IDLE.fbm/MagicForestGirl_DiffuseMap.png
[2017.10.11-22.34.32:190][906]SourceControl: Info 	modified:   Export/magicGirlAnim_run.fbm/MagicForestGirl_DiffuseMap.png
[2017.10.11-22.34.32:190][906]SourceControl: Info 	modified:   Export/magicGirlAnim_run02.fbm/MagicForestGirl_DiffuseMap.png
[2017.10.11-22.34.32:190][906]SourceControl: Info 	modified:   Export/mesaRectangularDiffuseMap.jpg
[2017.10.11-22.34.32:190][906]SourceControl: Info 	modified:   Export/mesaRedondaDiffuseMap.jpg
[2017.10.11-22.34.32:190][906]SourceControl: Info 	modified:   Export/sillaADiffuseMap.jpg
[2017.10.11-22.34.32:190][906]SourceControl: Info 	modified:   Export/sillaBDiffuseMap.jpg
[2017.10.11-22.34.32:190][906]SourceControl: Info 	modified:   Export/sueloMaderaDiffuseMap.jpg
[2017.10.11-22.34.32:190][906]SourceControl: Info 	modified:   Export/sueloPiedra001DiffuseMap.jpg
[2017.10.11-22.34.32:190][906]SourceControl: Info 	modified:   Export/walls01.png
[2017.10.11-22.34.32:190][906]SourceControl: Info 	modified:   UE_fisherman/Content/bluePrint/bp_playerController.uasset
[2017.10.11-22.34.32:190][906]SourceControl: Info 	modified:   UE_fisherman/Content/bluePrint/bpc_fisherman.uasset
[2017.10.11-22.34.32:190][906]SourceControl: Info 	modified:   UE_fisherman/Content/bluePrint/char/bpa_fisherman.uasset
[2017.10.11-22.34.32:190][906]SourceControl: Info 	modified:   UE_fisherman/Content/bluePrint/char/bs_fisherman.uasset
[2017.10.11-22.34.32:191][906]SourceControl: Info 	modified:   UE_fisherman/Content/bluePrint/char/fisherman.uasset
[2017.10.11-22.34.32:191][906]SourceControl: Info 	modified:   UE_fisherman/Content/bluePrint/char/fisherman_Idle.uasset
[2017.10.11-22.34.32:191][906]SourceControl: Info 	modified:   UE_fisherman/Content/bluePrint/char/fisherman_PhysicsAsset.uasset
[2017.10.11-22.34.32:191][906]SourceControl: Info 	modified:   UE_fisherman/Content/bluePrint/char/fisherman_Skeleton.uasset
[2017.10.11-22.34.32:191][906]SourceControl: Info 	modified:   UE_fisherman/Content/bluePrint/char/fisherman_walk.uasset
[2017.10.11-22.34.32:191][906]SourceControl: Info 	modified:   UE_fisherman/Content/bluePrint/gm_fisherman.uasset
[2017.10.11-22.34.32:191][906]SourceControl: Info 	modified:   UE_fisherman/Content/bluePrint/interface/interact.uasset
[2017.10.11-22.34.32:191][906]SourceControl: Info 	modified:   UE_fisherman/Content/level/testlevel.umap
[2017.10.11-22.34.32:191][906]SourceControl: Info 	modified:   UE_fisherman/Content/material/m_fisherman.uasset
[2017.10.11-22.34.32:191][906]SourceControl: Info 	modified:   UE_fisherman/Content/material/m_test.uasset
[2017.10.11-22.34.32:191][906]SourceControl: Info 	modified:   UE_fisherman/Content/textura/ParedInteriorDiffuseMap.uasset
[2017.10.11-22.34.32:191][906]SourceControl: Info 	modified:   UE_fisherman/Content/textura/PeredPiedraDiffuseMap.uasset
[2017.10.11-22.34.32:191][906]SourceControl: Info 	modified:   UE_fisherman/Content/textura/banquitoDiffuseMap.uasset
[2017.10.11-22.34.32:191][906]SourceControl: Info 	modified:   UE_fisherman/Content/textura/barrilDiffuseMap.uasset
[2017.10.11-22.34.32:191][906]SourceControl: Info 	modified:   UE_fisherman/Content/textura/calderonDiffuseMap.uasset
[2017.10.11-22.34.32:191][906]SourceControl: Info 	modified:   UE_fisherman/Content/textura/estanteADiffuseMap.uasset
[2017.10.11-22.34.32:191][906]SourceControl: Info 	modified:   UE_fisherman/Content/textura/estanteBDiffuseMap.uasset
[2017.10.11-22.34.32:191][906]SourceControl: Info 	modified:   UE_fisherman/Content/textura/estanteCDiffuseMap.uasset
[2017.10.11-22.34.32:191][906]SourceControl: Info 	modified:   UE_fisherman/Content/textura/fisherman_bodyDiffuseMap.uasset
[2017.10.11-22.34.32:191][906]SourceControl: Info 	modified:   UE_fisherman/Content/textura/mesaRectangularDiffuseMap.uasset
[2017.10.11-22.34.32:191][906]SourceControl: Info 	modified:   UE_fisherman/Content/textura/mesaRedondaDiffuseMap.uasset
[2017.10.11-22.34.32:191][906]SourceControl: Info 	modified:   UE_fisherman/Content/textura/sillaADiffuseMap.uasset
[2017.10.11-22.34.32:191][906]SourceControl: Info 	modified:   UE_fisherman/Content/textura/sillaBDiffuseMap.uasset
[2017.10.11-22.34.32:191][906]SourceControl: Info 	modified:   UE_fisherman/Content/textura/sueloMaderaDiffuseMap.uasset
[2017.10.11-22.34.32:191][906]SourceControl: Info 	modified:   UE_fisherman/Content/textura/sueloPiedra001DiffuseMap.uasset
[2017.10.11-22.34.32:191][906]SourceControl: Info 	modified:   UE_fisherman/Saved/AutoScreenshot.png
[2017.10.11-22.34.32:191][906]SourceControl: Info 	modified:   UE_fisherman/Saved/Autosaves/Game/bluePrint/bpc_fisherman_Auto2.uasset
[2017.10.11-22.34.32:191][906]SourceControl: Info 	modified:   UE_fisherman/Saved/Autosaves/Game/bluePrint/bpc_fisherman_Auto3.uasset
[2017.10.11-22.34.32:191][906]SourceControl: Info 	modified:   UE_fisherman/Saved/Autosaves/Game/bluePrint/bpc_fisherman_Auto4.uasset
[2017.10.11-22.34.32:191][906]SourceControl: Info 	modified:   UE_fisherman/Saved/Autosaves/Game/bluePrint/bpc_fisherman_Auto5.uasset
[2017.10.11-22.34.32:191][906]SourceControl: Info 	modified:   UE_fisherman/Saved/Autosaves/Game/bluePrint/bpc_fisherman_Auto6.uasset
[2017.10.11-22.34.32:191][906]SourceControl: Info 	modified:   UE_fisherman/Saved/Autosaves/Game/bluePrint/char/bpa_fisherman_Auto2.uasset
[2017.10.11-22.34.32:191][906]SourceControl: Info 	modified:   UE_fisherman/Saved/Autosaves/Game/bluePrint/char/bpa_fisherman_Auto3.uasset
[2017.10.11-22.34.32:191][906]SourceControl: Info 	modified:   UE_fisherman/Saved/Autosaves/Game/bluePrint/char/bpa_fisherman_Auto4.uasset
[2017.10.11-22.34.32:191][906]SourceControl: Info 	modified:   UE_fisherman/Saved/Autosaves/Game/bluePrint/char/bpa_fisherman_Auto5.uasset
[2017.10.11-22.34.32:191][906]SourceControl: Info 	modified:   UE_fisherman/Saved/Autosaves/Game/bluePrint/char/bpa_fisherman_Auto6.uasset
[2017.10.11-22.34.32:191][906]SourceControl: Info 	modified:   UE_fisherman/Saved/Autosaves/Game/bluePrint/char/fisherman_Auto2.uasset
[2017.10.11-22.34.32:191][906]SourceControl: Info 	modified:   UE_fisherman/Saved/Autosaves/Game/bluePrint/char/fisherman_Idle_Anim_Auto3.uasset
[2017.10.11-22.34.32:191][906]SourceControl: Info 	modified:   UE_fisherman/Saved/Autosaves/Game/bluePrint/char/fisherman_Idle_Auto1.uasset
[2017.10.11-22.34.32:191][906]SourceControl: Info 	modified:   UE_fisherman/Saved/Autosaves/Game/bluePrint/char/fisherman_Idle_Auto3.uasset
[2017.10.11-22.34.32:191][906]SourceControl: Info 	modified:   UE_fisherman/Saved/Autosaves/Game/bluePrint/char/fisherman_Idle_PhysicsAsset_Auto3.uasset
[2017.10.11-22.34.32:191][906]SourceControl: Info 	modified:   UE_fisherman/Saved/Autosaves/Game/bluePrint/char/fisherman_walk_Anim_Auto3.uasset
[2017.10.11-22.34.32:191][906]SourceControl: Info 	modified:   UE_fisherman/Saved/Autosaves/Game/bluePrint/char/fisherman_walk_Auto1.uasset
[2017.10.11-22.34.32:191][906]SourceControl: Info 	modified:   UE_fisherman/Saved/Autosaves/Game/bluePrint/char/fisherman_walk_Auto3.uasset
[2017.10.11-22.34.32:191][906]SourceControl: Info 	modified:   UE_fisherman/Saved/Autosaves/Game/bluePrint/char/fisherman_walk_PhysicsAsset_Auto3.uasset
[2017.10.11-22.34.32:191][906]SourceControl: Info 	modified:   UE_fisherman/Saved/Autosaves/Game/material/m_test_Auto6.uasset
[2017.10.11-22.34.32:191][906]SourceControl: Info 	modified:   UE_fisherman/Saved/Autosaves/Game/textura/LibraryProps_Auto1.uasset
[2017.10.11-22.34.32:191][906]SourceControl: Info 	modified:   UE_fisherman/Saved/Autosaves/Game/textura/ParedInteriorDiffuseMap_Auto1.uasset
[2017.10.11-22.34.32:191][906]SourceControl: Info 	modified:   UE_fisherman/Saved/Autosaves/Game/textura/PeredPiedraDiffuseMap_Auto1.uasset
[2017.10.11-22.34.32:191][906]SourceControl: Info 	modified:   UE_fisherman/Saved/Autosaves/Game/textura/banquitoDiffuseMap_Auto1.uasset
[2017.10.11-22.34.32:191][906]SourceControl: Info 	modified:   UE_fisherman/Saved/Autosaves/Game/textura/barrilDiffuseMap_Auto1.uasset
[2017.10.11-22.34.32:191][906]SourceControl: Info 	modified:   UE_fisherman/Saved/Autosaves/Game/textura/calderonDiffuseMap_Auto1.uasset
[2017.10.11-22.34.32:191][906]SourceControl: Info 	modified:   UE_fisherman/Saved/Autosaves/Game/textura/estanteADiffuseMap_Auto1.uasset
[2017.10.11-22.34.32:191][906]SourceControl: Info 	modified:   UE_fisherman/Saved/Autosaves/Game/textura/estanteBDiffuseMap_Auto1.uasset
[2017.10.11-22.34.32:191][906]SourceControl: Info 	modified:   UE_fisherman/Saved/Autosaves/Game/textura/estanteCDiffuseMap_Auto1.uasset
[2017.10.11-22.34.32:191][906]SourceControl: Info 	modified:   UE_fisherman/Saved/Autosaves/Game/textura/fisherman_Auto1.uasset
[2017.10.11-22.34.32:191][906]SourceControl: Info 	modified:   UE_fisherman/Saved/Autosaves/Game/textura/fisherman_bodyDiffuseMap_Auto1.uasset
[2017.10.11-22.34.32:191][906]SourceControl: Info 	modified:   UE_fisherman/Saved/Autosaves/Game/textura/housePropsA_Auto1.uasset
[2017.10.11-22.34.32:191][906]SourceControl: Info 	modified:   UE_fisherman/Saved/Autosaves/Game/textura/mesaRectangularDiffuseMap_Auto1.uasset
[2017.10.11-22.34.32:191][906]SourceControl: Info 	modified:   UE_fisherman/Saved/Autosaves/Game/textura/mesaRedondaDiffuseMap_Auto1.uasset
[2017.10.11-22.34.32:191][906]SourceControl: Info 	modified:   UE_fisherman/Saved/Autosaves/Game/textura/sillaADiffuseMap_Auto1.uasset
[2017.10.11-22.34.32:191][906]SourceControl: Info 	modified:   UE_fisherman/Saved/Autosaves/Game/textura/sillaBDiffuseMap_Auto1.uasset
[2017.10.11-22.34.32:191][906]SourceControl: Info 	modified:   UE_fisherman/Saved/Autosaves/Game/textura/sueloMaderaDiffuseMap_Auto1.uasset
[2017.10.11-22.34.32:191][906]SourceControl: Info 	modified:   UE_fisherman/Saved/Autosaves/Game/textura/sueloPiedra001DiffuseMap_Auto1.uasset
[2017.10.11-22.34.32:191][906]SourceControl: Info 	modified:   UE_fisherman/Saved/Autosaves/Game/textura/walls01_Auto1.uasset
[2017.10.11-22.34.32:191][906]SourceControl: Info 	modified:   UE_fisherman/Saved/Backup/asascaca_2017-10-11-17-46-27.uasset
[2017.10.11-22.34.32:191][906]SourceControl: Info 	modified:   UE_fisherman/Saved/Backup/asdalsdka_2017-10-11-17-47-21.uasset
[2017.10.11-22.34.32:191][906]SourceControl: Info 	modified:   UE_fisherman/Saved/Backup/bpa_fisherman_2017-10-11-14-48-03.uasset
[2017.10.11-22.34.32:191][906]SourceControl: Info 	modified:   UE_fisherman/Saved/Backup/bpa_fisherman_2017-10-11-14-58-06.uasset
[2017.10.11-22.34.32:191][906]SourceControl: Info 	modified:   UE_fisherman/Saved/Backup/bpa_fisherman_2017-10-11-15-13-06.uasset
[2017.10.11-22.34.32:191][906]SourceControl: Info 	modified:   UE_fisherman/Saved/Backup/bpa_fisherman_2017-10-11-15-24-26.uasset
[2017.10.11-22.34.32:191][906]SourceControl: Info 	modified:   UE_fisherman/Saved/Backup/bpa_fisherman_2017-10-11-15-49-48.uasset
[2017.10.11-22.34.32:191][906]SourceControl: Info 	modified:   UE_fisherman/Saved/Backup/bpa_fisherman_2017-10-11-16-11-57.uasset
[2017.10.11-22.34.32:191][906]SourceControl: Info 	modified:   UE_fisherman/Saved/Backup/bpc_fisherman_2017-10-11-13-37-08.uasset
[2017.10.11-22.34.32:191][906]SourceControl: Info 	modified:   UE_fisherman/Saved/Backup/bpc_fisherman_2017-10-11-13-45-13.uasset
[2017.10.11-22.34.32:191][906]SourceControl: Info 	modified:   UE_fisherman/Saved/Backup/bpc_fisherman_2017-10-11-13-57-04.uasset
[2017.10.11-22.34.32:191][906]SourceControl: Info 	modified:   UE_fisherman/Saved/Backup/bpc_fisherman_2017-10-11-14-44-37.uasset
[2017.10.11-22.34.32:191][906]SourceControl: Info 	modified:   UE_fisherman/Saved/Backup/bpc_fisherman_2017-10-11-14-58-06.uasset
[2017.10.11-22.34.32:191][906]SourceControl: Info 	modified:   UE_fisherman/Saved/Backup/bpc_fisherman_2017-10-11-15-13-06.uasset
[2017.10.11-22.34.32:191][906]SourceControl: Info 	modified:   UE_fisherman/Saved/Backup/bpc_fisherman_2017-10-11-15-24-26.uasset
[2017.10.11-22.34.32:191][906]SourceControl: Info 	modified:   UE_fisherman/Saved/Backup/bpc_fisherman_2017-10-11-15-49-48.uasset
[2017.10.11-22.34.32:191][906]SourceControl: Info 	modified:   UE_fisherman/Saved/Backup/bpc_fisherman_2017-10-11-16-11-54.uasset
[2017.10.11-22.34.32:191][906]SourceControl: Info 	modified:   UE_fisherman/Saved/Backup/bpc_fisherman_2017-10-11-16-17-51.uasset
[2017.10.11-22.34.32:191][906]SourceControl: Info 	modified:   UE_fisherman/Saved/Backup/bs_fishermanIDLE_RUN_2017-10-11-13-50-07.uasset
[2017.10.11-22.34.32:191][906]SourceControl: Info 	modified:   UE_fisherman/Saved/Backup/bs_fisherman_2017-10-11-14-42-47.uasset
[2017.10.11-22.34.32:191][906]SourceControl: Info 	modified:   UE_fisherman/Saved/Backup/bs_fisherman_2017-10-11-15-06-09.uasset
[2017.10.11-22.34.32:191][906]SourceControl: Info 	modified:   UE_fisherman/Saved/Backup/bs_fisherman_2017-10-11-16-12-40.uasset
[2017.10.11-22.34.32:191][906]SourceControl: Info 	modified:   UE_fisherman/Saved/Backup/fisherman_2017-10-11-11-37-51.uasset
[2017.10.11-22.34.32:191][906]SourceControl: Info 	modified:   UE_fisherman/Saved/Backup/fisherman_2017-10-11-13-38-43.uasset
[2017.10.11-22.34.32:191][906]SourceControl: Info 	modified:   UE_fisherman/Saved/Backup/fisherman_2017-10-11-13-50-07.uasset
[2017.10.11-22.34.32:191][906]SourceControl: Info 	modified:   UE_fisherman/Saved/Backup/fisherman_2017-10-11-14-43-21.uasset
[2017.10.11-22.34.32:191][906]SourceControl: Info 	modified:   UE_fisherman/Saved/Backup/fisherman_Idle_2017-10-11-13-50-07.uasset
[2017.10.11-22.34.32:191][906]SourceControl: Info 	modified:   UE_fisherman/Saved/Backup/fisherman_PhysicsAsset_2017-10-11-13-38-43.uasset
[2017.10.11-22.34.32:191][906]SourceControl: Info 	modified:   UE_fisherman/Saved/Backup/fisherman_PhysicsAsset_2017-10-11-13-50-07.uasset
[2017.10.11-22.34.32:191][906]SourceControl: Info 	modified:   UE_fisherman/Saved/Backup/fisherman_Skeleton_2017-10-11-13-38-43.uasset
[2017.10.11-22.34.32:191][906]SourceControl: Info 	modified:   UE_fisherman/Saved/Backup/fisherman_Skeleton_2017-10-11-13-50-07.uasset
[2017.10.11-22.34.32:191][906]SourceControl: Info 	modified:   UE_fisherman/Saved/Backup/fisherman_walk_2017-10-11-13-49-35.uasset
[2017.10.11-22.34.32:191][906]SourceControl: Info 	modified:   UE_fisherman/Saved/Backup/interact_2017-10-11-17-25-26.uasset
[2017.10.11-22.34.32:191][906]SourceControl: Info 	modified:   UE_fisherman/Saved/Backup/m_fisherman_2017-10-11-11-24-59.uasset
[2017.10.11-22.34.32:191][906]SourceControl: Info 	modified:   UE_fisherman/Saved/Backup/sadfafga_2017-10-11-17-46-43.uasset
[2017.10.11-22.34.32:191][906]SourceControl: Info 	modified:   UE_fisherman/Saved/Backup/testlevel_2017-10-11-13-38-40.umap
[2017.10.11-22.34.32:191][906]SourceControl: Info 	modified:   UE_fisherman/Saved/Backup/testlevel_2017-10-11-13-45-04.umap
[2017.10.11-22.34.32:191][906]SourceControl: Info 	modified:   UE_fisherman/Saved/Backup/testlevel_2017-10-11-13-57-18.umap
[2017.10.11-22.34.32:191][906]SourceControl: Info 	modified:   UE_fisherman/Saved/Backup/testlevel_2017-10-11-16-17-51.umap
[2017.10.11-22.34.32:191][906]SourceControl: Info 	modified:   UE_fisherman/Saved/Diff/temp-3ec18053a980c9804d0451bb5ddcac4875359f48-bpc_fisherman.uasset
[2017.10.11-22.34.32:191][906]SourceControl: Info 	modified:   UE_fisherman/Saved/Diff/temp-fd299cd5111e6e53cea2bfe1783ad9713274002b-bpc_fisherman.uasset
[2017.10.11-22.34.32:191][906]SourceControl: Info 	modified:   UE_fisherman/UE_fisherman.uproject
[2017.10.11-22.34.32:191][906]SourceControl: Info 	modified:   max/MagicForestGirl_DiffuseMap.png
[2017.10.11-22.34.32:191][906]SourceControl: Info 	modified:   max/MagicGirl_Base.max
[2017.10.11-22.34.32:191][906]SourceControl: Info 	modified:   max/MagicGirl_IDLE.max
[2017.10.11-22.34.32:191][906]SourceControl: Info 	modified:   max/MagicGirl_animRun.max
[2017.10.11-22.34.32:191][906]SourceControl: Info 	modified:   max/PropsLibrary.max
[2017.10.11-22.34.32:191][906]SourceControl: Info 	modified:   max/fisherman.max
[2017.10.11-22.34.32:191][906]SourceControl: Info 	modified:   max/houseInteriorA.max
[2017.10.11-22.34.32:191][906]SourceControl: Info 	modified:   max/houseInteriorAexported.max
[2017.10.11-22.34.32:191][906]SourceControl: Info 	modified:   max/wallls.max
[2017.10.11-22.34.32:191][906]SourceControl: Info 	modified:   vox/Dormitorio.vox
[2017.10.11-22.34.32:191][906]SourceControl: Info 	modified:   vox/FarmProps.vox
[2017.10.11-22.34.32:191][906]SourceControl: Info 	modified:   vox/Flora1.vox
[2017.10.11-22.34.32:191][906]SourceControl: Info 	modified:   vox/FornitureRed.vox
[2017.10.11-22.34.32:191][906]SourceControl: Info 	modified:   vox/LibraryProps.vox
[2017.10.11-22.34.32:191][906]SourceControl: Info 	modified:   vox/MagicForestGirl.vox
[2017.10.11-22.34.32:191][906]SourceControl: Info 	modified:   vox/armas01.vox
[2017.10.11-22.34.32:191][906]SourceControl: Info 	modified:   vox/fisherman.vox
[2017.10.11-22.34.32:191][906]SourceControl: Info 	modified:   vox/housePropsA.vox
[2017.10.11-22.34.32:191][906]SourceControl: Info 	modified:   vox/rocksA.vox
[2017.10.11-22.34.32:191][906]SourceControl: Info 	modified:   vox/vajillaA.vox
[2017.10.11-22.34.32:191][906]SourceControl: Info 	modified:   vox/walls01.vox
[2017.10.11-22.34.32:191][906]SourceControl: Info Changes not staged for commit:
[2017.10.11-22.34.32:191][906]SourceControl: Info   (use "git add <file>..." to update what will be committed)
[2017.10.11-22.34.32:192][906]SourceControl: Info   (use "git checkout -- <file>..." to discard changes in working directory)
[2017.10.11-22.34.32:192][906]SourceControl: Info 	modified:   UE_fisherman/Intermediate/CachedAssetRegistry.bin
[2017.10.11-22.34.32:192][906]SourceControl: Info 	modified:   UE_fisherman/Saved/Backup/bpc_fisherman_2017-10-11-13-57-04.uasset
[2017.10.11-22.34.32:192][906]SourceControl: Info 	modified:   UE_fisherman/Saved/Backup/bs_fishermanIDLE_RUN_2017-10-11-13-50-07.uasset
[2017.10.11-22.34.32:192][906]SourceControl: Info 	modified:   UE_fisherman/Saved/Backup/bs_fisherman_2017-10-11-15-06-09.uasset
[2017.10.11-22.34.32:192][906]SourceControl: Info 	modified:   UE_fisherman/Saved/Backup/fisherman_PhysicsAsset_2017-10-11-13-38-43.uasset
[2017.10.11-22.34.32:192][906]SourceControl: Info 	modified:   UE_fisherman/Saved/Backup/fisherman_PhysicsAsset_2017-10-11-13-50-07.uasset
[2017.10.11-22.34.32:192][906]SourceControl: Info 	modified:   UE_fisherman/Saved/Backup/fisherman_Skeleton_2017-10-11-13-38-43.uasset
[2017.10.11-22.34.32:192][906]SourceControl: Info 	modified:   UE_fisherman/Saved/Backup/fisherman_Skeleton_2017-10-11-13-50-07.uasset
[2017.10.11-22.34.32:192][906]SourceControl: Info 	modified:   UE_fisherman/Saved/Backup/interact_2017-10-11-17-25-26.uasset
[2017.10.11-22.34.32:192][906]SourceControl: Info 	modified:   UE_fisherman/Saved/Backup/sadfafga_2017-10-11-17-46-43.uasset
[2017.10.11-22.34.32:192][906]SourceControl: Info 	modified:   UE_fisherman/Saved/Logs/UE_fisherman.log
[2017.10.11-22.34.32:192][906]SourceControl: Info 	modified:   UE_fisherman/UE_fisherman.uproject
[2017.10.11-22.34.32:192][906]SourceControl: Info 	modified:   vox/Dormitorio.vox
[2017.10.11-22.34.32:192][906]SourceControl: Info 	modified:   vox/FarmProps.vox
[2017.10.11-22.34.32:192][906]SourceControl: Info 	modified:   vox/Flora1.vox
[2017.10.11-22.34.32:192][906]SourceControl: Info 	modified:   vox/FornitureRed.vox
[2017.10.11-22.34.32:192][906]SourceControl: Info 	modified:   vox/LibraryProps.vox
[2017.10.11-22.34.32:192][906]SourceControl: Info 	modified:   vox/MagicForestGirl.vox
[2017.10.11-22.34.32:192][906]SourceControl: Info 	modified:   vox/armas01.vox
[2017.10.11-22.34.32:192][906]SourceControl: Info 	modified:   vox/fisherman.vox
[2017.10.11-22.34.32:192][906]SourceControl: Info 	modified:   vox/housePropsA.vox
[2017.10.11-22.34.32:192][906]SourceControl: Info 	modified:   vox/rocksA.vox
[2017.10.11-22.34.32:192][906]SourceControl: Info 	modified:   vox/vajillaA.vox
[2017.10.11-22.34.32:192][906]SourceControl: Info 	modified:   vox/walls01.vox
[2017.10.11-22.34.32:192][906]SourceControl: Info Untracked files:
[2017.10.11-22.34.32:192][906]SourceControl: Info   (use "git add <file>..." to include in what will be committed)
[2017.10.11-22.34.32:192][906]SourceControl: Info 	UE_fisherman/Saved/Config/CrashReportClient/UE4CC-Windows-83553280437926124EB62FBCB948E0B1/
[2017.10.11-22.34.32:192][906]SourceControl: Info 	UE_fisherman/Saved/Logs/UE_fisherman-backup-2017.10.11-19.32.30.log
